c:\users\ivan\documents\visual studio 2015\projects\reammap\reammap\debug\vc140.pdb
c:\users\ivan\documents\visual studio 2015\projects\reammap\reammap\debug\vc140.idb
c:\users\ivan\documents\visual studio 2015\projects\reammap\reammap\debug\drawable.obj
c:\users\ivan\documents\visual studio 2015\projects\reammap\reammap\debug\eventmanager.obj
c:\users\ivan\documents\visual studio 2015\projects\reammap\reammap\debug\hexaiso.obj
c:\users\ivan\documents\visual studio 2015\projects\reammap\reammap\debug\layer.obj
c:\users\ivan\documents\visual studio 2015\projects\reammap\reammap\debug\main.obj
c:\users\ivan\documents\visual studio 2015\projects\reammap\reammap\debug\tile.obj
c:\users\ivan\documents\visual studio 2015\projects\reammap\reammap\debug\game.obj
c:\users\ivan\documents\visual studio 2015\projects\reammap\reammap\debug\mapviewer.obj
c:\users\ivan\documents\visual studio 2015\projects\reammap\reammap\debug\window.obj
c:\users\ivan\documents\visual studio 2015\projects\reammap\debug\reammap.ilk
c:\users\ivan\documents\visual studio 2015\projects\reammap\debug\reammap.exe
c:\users\ivan\documents\visual studio 2015\projects\reammap\debug\reammap.pdb
c:\users\ivan\documents\visual studio 2015\projects\reammap\reammap\debug\reammap.tlog\cl.command.1.tlog
c:\users\ivan\documents\visual studio 2015\projects\reammap\reammap\debug\reammap.tlog\cl.read.1.tlog
c:\users\ivan\documents\visual studio 2015\projects\reammap\reammap\debug\reammap.tlog\cl.write.1.tlog
c:\users\ivan\documents\visual studio 2015\projects\reammap\reammap\debug\reammap.tlog\link.command.1.tlog
c:\users\ivan\documents\visual studio 2015\projects\reammap\reammap\debug\reammap.tlog\link.read.1.tlog
c:\users\ivan\documents\visual studio 2015\projects\reammap\reammap\debug\reammap.tlog\link.write.1.tlog
